TN:
SF:src\App.js
FN:6,App
FNF:1
FNH:0
FNDA:0,App
DA:7,0
LF:1
LH:0
BRF:0
BRH:0
end_of_record
TN:
SF:src\index.js
FNF:0
FNH:0
DA:8,0
LF:1
LH:0
BRF:0
BRH:0
end_of_record
TN:
SF:src\features\Home\Home.js
FN:5,Home
FNF:1
FNH:1
FNDA:3,Home
DA:6,3
LF:1
LH:1
BRF:0
BRH:0
end_of_record
TN:
SF:src\features\posts\PostsList.js
FN:5,PostsList
FN:27,(anonymous_1)
FNF:2
FNH:1
FNDA:3,PostsList
FNDA:0,(anonymous_1)
DA:7,3
DA:9,2
DA:28,0
LF:3
LH:2
BRF:0
BRH:0
end_of_record
TN:
SF:src\features\posts\getAPI.js
FN:6,useAPI
FN:9,(anonymous_1)
FN:10,fetchPosts
FNF:3
FNH:1
FNDA:3,useAPI
FNDA:0,(anonymous_1)
FNDA:0,fetchPosts
DA:4,1
DA:7,3
DA:9,2
DA:11,0
DA:12,0
DA:14,0
DA:16,2
LF:7
LH:4
BRF:0
BRH:0
end_of_record
